[32m2026-05-29 12:32:36 -0700[0m - dagster - [34mDEBUG[0m - __ASSET_JOB - 5feb3226-63cb-4341-ac39-1af8985137a8 - 85693 - LOGS_CAPTURED - Started capturing logs in process (pid: 85693).
[32m2026-05-29 12:32:36 -0700[0m - dagster - [34mDEBUG[0m - __ASSET_JOB - 5feb3226-63cb-4341-ac39-1af8985137a8 - 85693 - athlete_profiles - STEP_START - Started execution of step "athlete_profiles".
[32m2026-05-29 12:32:36 -0700[0m - dagster - [34mDEBUG[0m - __ASSET_JOB - 5feb3226-63cb-4341-ac39-1af8985137a8 - athlete_profiles - Loading 1 partitions...
[32m2026-05-29 12:32:36 -0700[0m - dagster - [34mDEBUG[0m - __ASSET_JOB - 5feb3226-63cb-4341-ac39-1af8985137a8 - athlete_profiles - Loading partition west_f from /Users/katelynvuong/Desktop/2026-ncaa-tf-predictions/.tmp_dagster_home_j0ol2yvi/storage/qualifying_athletes/west_f using PickledObjectFilesystemIOManager...
[32m2026-05-29 12:32:36 -0700[0m - dagster - [34mDEBUG[0m - __ASSET_JOB - 5feb3226-63cb-4341-ac39-1af8985137a8 - 85693 - athlete_profiles - LOADED_INPUT - Loaded input "qualifying_athletes" using input manager "io_manager"
[32m2026-05-29 12:32:36 -0700[0m - dagster - [34mDEBUG[0m - __ASSET_JOB - 5feb3226-63cb-4341-ac39-1af8985137a8 - 85693 - athlete_profiles - STEP_INPUT - Got input "qualifying_athletes" of type "DataFrame". (Type check passed).
[32m2026-05-29 12:33:25 -0700[0m - dagster - [34mINFO[0m - __ASSET_JOB - 5feb3226-63cb-4341-ac39-1af8985137a8 - athlete_profiles - Progress: 50 saved, 0 skipped, 0 errors / 851 total
[32m2026-05-29 12:34:17 -0700[0m - dagster - [34mINFO[0m - __ASSET_JOB - 5feb3226-63cb-4341-ac39-1af8985137a8 - athlete_profiles - Progress: 100 saved, 0 skipped, 0 errors / 851 total
[32m2026-05-29 12:35:08 -0700[0m - dagster - [34mINFO[0m - __ASSET_JOB - 5feb3226-63cb-4341-ac39-1af8985137a8 - athlete_profiles - Progress: 150 saved, 0 skipped, 0 errors / 851 total
[32m2026-05-29 12:35:58 -0700[0m - dagster - [34mINFO[0m - __ASSET_JOB - 5feb3226-63cb-4341-ac39-1af8985137a8 - athlete_profiles - Progress: 200 saved, 0 skipped, 0 errors / 851 total
[32m2026-05-29 12:36:48 -0700[0m - dagster - [34mINFO[0m - __ASSET_JOB - 5feb3226-63cb-4341-ac39-1af8985137a8 - athlete_profiles - Progress: 250 saved, 0 skipped, 0 errors / 851 total
[32m2026-05-29 12:37:40 -0700[0m - dagster - [34mINFO[0m - __ASSET_JOB - 5feb3226-63cb-4341-ac39-1af8985137a8 - athlete_profiles - Progress: 300 saved, 0 skipped, 0 errors / 851 total
[32m2026-05-29 12:38:31 -0700[0m - dagster - [34mINFO[0m - __ASSET_JOB - 5feb3226-63cb-4341-ac39-1af8985137a8 - athlete_profiles - Progress: 350 saved, 0 skipped, 0 errors / 851 total
[32m2026-05-29 12:39:22 -0700[0m - dagster - [34mINFO[0m - __ASSET_JOB - 5feb3226-63cb-4341-ac39-1af8985137a8 - athlete_profiles - Progress: 400 saved, 0 skipped, 0 errors / 851 total
[32m2026-05-29 12:40:12 -0700[0m - dagster - [34mINFO[0m - __ASSET_JOB - 5feb3226-63cb-4341-ac39-1af8985137a8 - athlete_profiles - Progress: 450 saved, 0 skipped, 0 errors / 851 total
[32m2026-05-29 12:41:02 -0700[0m - dagster - [34mINFO[0m - __ASSET_JOB - 5feb3226-63cb-4341-ac39-1af8985137a8 - athlete_profiles - Progress: 500 saved, 0 skipped, 0 errors / 851 total
[32m2026-05-29 12:41:52 -0700[0m - dagster - [34mINFO[0m - __ASSET_JOB - 5feb3226-63cb-4341-ac39-1af8985137a8 - athlete_profiles - Progress: 550 saved, 0 skipped, 0 errors / 851 total
[32m2026-05-29 12:42:42 -0700[0m - dagster - [34mINFO[0m - __ASSET_JOB - 5feb3226-63cb-4341-ac39-1af8985137a8 - athlete_profiles - Progress: 600 saved, 0 skipped, 0 errors / 851 total
[32m2026-05-29 12:43:34 -0700[0m - dagster - [34mINFO[0m - __ASSET_JOB - 5feb3226-63cb-4341-ac39-1af8985137a8 - athlete_profiles - Progress: 650 saved, 0 skipped, 0 errors / 851 total
[32m2026-05-29 12:44:25 -0700[0m - dagster - [34mINFO[0m - __ASSET_JOB - 5feb3226-63cb-4341-ac39-1af8985137a8 - athlete_profiles - Progress: 700 saved, 0 skipped, 0 errors / 851 total
[32m2026-05-29 12:45:14 -0700[0m - dagster - [34mINFO[0m - __ASSET_JOB - 5feb3226-63cb-4341-ac39-1af8985137a8 - athlete_profiles - Progress: 750 saved, 0 skipped, 0 errors / 851 total
[32m2026-05-29 12:46:05 -0700[0m - dagster - [34mINFO[0m - __ASSET_JOB - 5feb3226-63cb-4341-ac39-1af8985137a8 - athlete_profiles - Progress: 800 saved, 0 skipped, 0 errors / 851 total
[32m2026-05-29 12:46:55 -0700[0m - dagster - [34mINFO[0m - __ASSET_JOB - 5feb3226-63cb-4341-ac39-1af8985137a8 - athlete_profiles - Progress: 850 saved, 0 skipped, 0 errors / 851 total
[32m2026-05-29 12:46:57 -0700[0m - dagster - [34mINFO[0m - __ASSET_JOB - 5feb3226-63cb-4341-ac39-1af8985137a8 - athlete_profiles - Done: 851 saved, 0 skipped, 0 errors
[32m2026-05-29 12:46:57 -0700[0m - dagster - [34mDEBUG[0m - __ASSET_JOB - 5feb3226-63cb-4341-ac39-1af8985137a8 - 85693 - athlete_profiles - STEP_OUTPUT - Yielded output "result" of type "Nothing". (Type check passed).
[32m2026-05-29 12:46:57 -0700[0m - dagster - [34mDEBUG[0m - __ASSET_JOB - 5feb3226-63cb-4341-ac39-1af8985137a8 - 85693 - athlete_profiles - ASSET_MATERIALIZATION - Materialized value athlete_profiles.
[32m2026-05-29 12:46:57 -0700[0m - dagster - [34mDEBUG[0m - __ASSET_JOB - 5feb3226-63cb-4341-ac39-1af8985137a8 - 85693 - athlete_profiles - STEP_SUCCESS - Finished execution of step "athlete_profiles" in 14m20s.
