[32m2026-05-29 12:32:36 -0700[0m - dagster - [34mDEBUG[0m - __ASSET_JOB - 7e9cb63a-34dc-449a-a4c3-dc33214a022f - 85701 - LOGS_CAPTURED - Started capturing logs in process (pid: 85701).
[32m2026-05-29 12:32:36 -0700[0m - dagster - [34mDEBUG[0m - __ASSET_JOB - 7e9cb63a-34dc-449a-a4c3-dc33214a022f - 85701 - athlete_profiles - STEP_START - Started execution of step "athlete_profiles".
[32m2026-05-29 12:32:36 -0700[0m - dagster - [34mDEBUG[0m - __ASSET_JOB - 7e9cb63a-34dc-449a-a4c3-dc33214a022f - athlete_profiles - Loading 1 partitions...
[32m2026-05-29 12:32:36 -0700[0m - dagster - [34mDEBUG[0m - __ASSET_JOB - 7e9cb63a-34dc-449a-a4c3-dc33214a022f - athlete_profiles - Loading partition west_m from /Users/katelynvuong/Desktop/2026-ncaa-tf-predictions/.tmp_dagster_home_j0ol2yvi/storage/qualifying_athletes/west_m using PickledObjectFilesystemIOManager...
[32m2026-05-29 12:32:36 -0700[0m - dagster - [34mDEBUG[0m - __ASSET_JOB - 7e9cb63a-34dc-449a-a4c3-dc33214a022f - 85701 - athlete_profiles - LOADED_INPUT - Loaded input "qualifying_athletes" using input manager "io_manager"
[32m2026-05-29 12:32:36 -0700[0m - dagster - [34mDEBUG[0m - __ASSET_JOB - 7e9cb63a-34dc-449a-a4c3-dc33214a022f - 85701 - athlete_profiles - STEP_INPUT - Got input "qualifying_athletes" of type "DataFrame". (Type check passed).
[32m2026-05-29 12:33:26 -0700[0m - dagster - [34mINFO[0m - __ASSET_JOB - 7e9cb63a-34dc-449a-a4c3-dc33214a022f - athlete_profiles - Progress: 50 saved, 0 skipped, 0 errors / 920 total
[32m2026-05-29 12:34:18 -0700[0m - dagster - [34mINFO[0m - __ASSET_JOB - 7e9cb63a-34dc-449a-a4c3-dc33214a022f - athlete_profiles - Progress: 100 saved, 0 skipped, 0 errors / 920 total
[32m2026-05-29 12:35:08 -0700[0m - dagster - [34mINFO[0m - __ASSET_JOB - 7e9cb63a-34dc-449a-a4c3-dc33214a022f - athlete_profiles - Progress: 150 saved, 0 skipped, 0 errors / 920 total
[32m2026-05-29 12:35:59 -0700[0m - dagster - [34mINFO[0m - __ASSET_JOB - 7e9cb63a-34dc-449a-a4c3-dc33214a022f - athlete_profiles - Progress: 200 saved, 0 skipped, 0 errors / 920 total
[32m2026-05-29 12:36:49 -0700[0m - dagster - [34mINFO[0m - __ASSET_JOB - 7e9cb63a-34dc-449a-a4c3-dc33214a022f - athlete_profiles - Progress: 250 saved, 0 skipped, 0 errors / 920 total
[32m2026-05-29 12:37:39 -0700[0m - dagster - [34mINFO[0m - __ASSET_JOB - 7e9cb63a-34dc-449a-a4c3-dc33214a022f - athlete_profiles - Progress: 300 saved, 0 skipped, 0 errors / 920 total
[32m2026-05-29 12:38:29 -0700[0m - dagster - [34mINFO[0m - __ASSET_JOB - 7e9cb63a-34dc-449a-a4c3-dc33214a022f - athlete_profiles - Progress: 350 saved, 0 skipped, 0 errors / 920 total
[32m2026-05-29 12:39:20 -0700[0m - dagster - [34mINFO[0m - __ASSET_JOB - 7e9cb63a-34dc-449a-a4c3-dc33214a022f - athlete_profiles - Progress: 400 saved, 0 skipped, 0 errors / 920 total
[32m2026-05-29 12:40:10 -0700[0m - dagster - [34mINFO[0m - __ASSET_JOB - 7e9cb63a-34dc-449a-a4c3-dc33214a022f - athlete_profiles - Progress: 450 saved, 0 skipped, 0 errors / 920 total
[32m2026-05-29 12:41:00 -0700[0m - dagster - [34mINFO[0m - __ASSET_JOB - 7e9cb63a-34dc-449a-a4c3-dc33214a022f - athlete_profiles - Progress: 500 saved, 0 skipped, 0 errors / 920 total
[32m2026-05-29 12:41:50 -0700[0m - dagster - [34mINFO[0m - __ASSET_JOB - 7e9cb63a-34dc-449a-a4c3-dc33214a022f - athlete_profiles - Progress: 550 saved, 0 skipped, 0 errors / 920 total
[32m2026-05-29 12:42:40 -0700[0m - dagster - [34mINFO[0m - __ASSET_JOB - 7e9cb63a-34dc-449a-a4c3-dc33214a022f - athlete_profiles - Progress: 600 saved, 0 skipped, 0 errors / 920 total
[32m2026-05-29 12:43:32 -0700[0m - dagster - [34mINFO[0m - __ASSET_JOB - 7e9cb63a-34dc-449a-a4c3-dc33214a022f - athlete_profiles - Progress: 650 saved, 0 skipped, 0 errors / 920 total
[32m2026-05-29 12:44:22 -0700[0m - dagster - [34mINFO[0m - __ASSET_JOB - 7e9cb63a-34dc-449a-a4c3-dc33214a022f - athlete_profiles - Progress: 700 saved, 0 skipped, 0 errors / 920 total
[32m2026-05-29 12:45:12 -0700[0m - dagster - [34mINFO[0m - __ASSET_JOB - 7e9cb63a-34dc-449a-a4c3-dc33214a022f - athlete_profiles - Progress: 750 saved, 0 skipped, 0 errors / 920 total
[32m2026-05-29 12:46:02 -0700[0m - dagster - [34mINFO[0m - __ASSET_JOB - 7e9cb63a-34dc-449a-a4c3-dc33214a022f - athlete_profiles - Progress: 800 saved, 0 skipped, 0 errors / 920 total
[32m2026-05-29 12:46:53 -0700[0m - dagster - [34mINFO[0m - __ASSET_JOB - 7e9cb63a-34dc-449a-a4c3-dc33214a022f - athlete_profiles - Progress: 850 saved, 0 skipped, 0 errors / 920 total
[32m2026-05-29 12:47:43 -0700[0m - dagster - [34mINFO[0m - __ASSET_JOB - 7e9cb63a-34dc-449a-a4c3-dc33214a022f - athlete_profiles - Progress: 900 saved, 0 skipped, 0 errors / 920 total
[32m2026-05-29 12:48:06 -0700[0m - dagster - [34mINFO[0m - __ASSET_JOB - 7e9cb63a-34dc-449a-a4c3-dc33214a022f - athlete_profiles - Done: 920 saved, 0 skipped, 0 errors
[32m2026-05-29 12:48:06 -0700[0m - dagster - [34mDEBUG[0m - __ASSET_JOB - 7e9cb63a-34dc-449a-a4c3-dc33214a022f - 85701 - athlete_profiles - STEP_OUTPUT - Yielded output "result" of type "Nothing". (Type check passed).
[32m2026-05-29 12:48:06 -0700[0m - dagster - [34mDEBUG[0m - __ASSET_JOB - 7e9cb63a-34dc-449a-a4c3-dc33214a022f - 85701 - athlete_profiles - ASSET_MATERIALIZATION - Materialized value athlete_profiles.
[32m2026-05-29 12:48:06 -0700[0m - dagster - [34mDEBUG[0m - __ASSET_JOB - 7e9cb63a-34dc-449a-a4c3-dc33214a022f - 85701 - athlete_profiles - STEP_SUCCESS - Finished execution of step "athlete_profiles" in 15m29s.
